<?xml version="1.0" encoding="UTF-8"?>
<testng-results ignored="0" total="1" passed="1" failed="0" skipped="0">
  <reporter-output>
  </reporter-output>
  <suite started-at="2020-01-22T06:54:21Z" name="Default suite" finished-at="2020-01-22T06:54:22Z" duration-ms="591">
    <groups>
    </groups>
    <test started-at="2020-01-22T06:54:21Z" name="Default test" finished-at="2020-01-22T06:54:22Z" duration-ms="591">
      <class name="practice.ExcelColor">
        <test-method signature="setFontColor()[pri:0, instance:practice.ExcelColor@527e5409]" started-at="2020-01-22T06:54:21Z" name="setFontColor" finished-at="2020-01-22T06:54:22Z" duration-ms="568" status="PASS">
          <reporter-output>
          </reporter-output>
        </test-method> <!-- setFontColor -->
      </class> <!-- practice.ExcelColor -->
    </test> <!-- Default test -->
  </suite> <!-- Default suite -->
</testng-results>
